


ARM Macro Assembler    Page 1 


    1 00000000                 AREA             mycode, CODE, READONLY
    2 00000000                 ENTRY
    3 00000000                 EXPORT           __main
    4 00000000         __main
    5 00000000 E3A01004        MOV              R1, #4      ; a
    6 00000004 E3A02006        MOV              R2, #6      ; b
    7 00000008 E3A03005        MOV              R3, #5      ; c
    8 0000000C E3A04003        MOV              R4, #3      ; d
    9 00000010 E3A05000        MOV              R5, #0      ; e
   10 00000014 E3A06000        MOV              R6, #0      ; f
   11 00000018 EB000008        BL               fun1        ;call function
   12 0000001C E1A05000        MOV              R5, R0
   13 00000020         
   14 00000020 EB00000C        BL               fun2
   15 00000024 E1A06000        MOV              R6, R0
   16 00000028         
   17 00000028 E1A01005        MOV              R1, R5
   18 0000002C E1A02006        MOV              R2, R6
   19 00000030 E3A03005        MOV              R3, #5
   20 00000034 EB000001        BL               fun1
   21 00000038 E1A05000        MOV              R5, R0
   22 0000003C         STOP
   23 0000003C EAFFFFFE        BAL              STOP        ; infinite loop
   24 00000040         fun1
   25 00000040 E92D402E        STMFD            SP!, {R1, R2, R3, R5, LR} ;   b
                                                            ackup the registers
                                                            
   26 00000044         
   27 00000044 E0815002        ADD              R5, R1, R2  ; e = a + b
   28 00000048 E0455003        SUB              R5, R5, R3  ; e = e - c
   29 0000004C E1A00005        MOV              R0, R5
   30 00000050 E8BD402E        LDMFD            SP!, {R1, R2, R3, R5, LR} ; rel
                                                            oad the register va
                                                            lues
   31 00000054 E1A0F00E        MOV              PC, LR
   32 00000058         fun2
   33 00000058 E92D4050        STMFD            SP!, {R4, R6, LR} ;   backup th
                                                            e registers
   34 0000005C E0846004        ADD              R6, R4, R4
   35 00000060 E1A00006        MOV              R0, R6
   36 00000064 E8BD4050        LDMFD            SP!, {R4, R6, LR} ; reload the 
                                                            register values
   37 00000068 E1A0F00E        MOV              PC, LR
   38 0000006C                 END
Command Line: --debug --xref --apcs=interwork --depend=lab9.d -olab9.o -IC:\Kei
l\ARM\CMSIS\Include -IC:\Keil\ARM\INC\Philips --predefine="__EVAL SETA 1" --lis
t=lab9.lst lab9.s



ARM Macro Assembler    Page 1 Alphabetic symbol ordering
Relocatable symbols

STOP 0000003C

Symbol: STOP
   Definitions
      At line 22 in file lab9.s
   Uses
      At line 23 in file lab9.s
Comment: STOP used once
__main 00000000

Symbol: __main
   Definitions
      At line 4 in file lab9.s
   Uses
      At line 3 in file lab9.s
Comment: __main used once
fun1 00000040

Symbol: fun1
   Definitions
      At line 24 in file lab9.s
   Uses
      At line 11 in file lab9.s
      At line 20 in file lab9.s

fun2 00000058

Symbol: fun2
   Definitions
      At line 32 in file lab9.s
   Uses
      At line 14 in file lab9.s
Comment: fun2 used once
mycode 00000000

Symbol: mycode
   Definitions
      At line 1 in file lab9.s
   Uses
      None
Comment: mycode unused
5 symbols
329 symbols in table
